\BOOKMARK [0][-]{chapter.1}{Techniques d'imagerie par ultrasons}{}% 1
\BOOKMARK [1][-]{section.1.1}{Repr\351sentation des donn\351es temporelles}{chapter.1}% 2
\BOOKMARK [1][-]{section.1.2}{M\351thodes par retard et sommation}{chapter.1}% 3
\BOOKMARK [1][-]{section.1.3}{M\351thodes hautes r\351solution}{chapter.1}% 4
\BOOKMARK [1][-]{section.1.4}{R\351solution de probl\350me d'optimisation}{chapter.1}% 5
\BOOKMARK [2][-]{subsection.1.4.1}{R\351solution du probl\350me direct}{section.1.4}% 6
\BOOKMARK [2][-]{subsection.1.4.2}{R\351solution du probl\350me inverse}{section.1.4}% 7
\BOOKMARK [2][-]{subsection.1.4.3}{Cartographie ou contour}{section.1.4}% 8
\BOOKMARK [1][-]{section.1.5}{Sp\351cificit\351s de l'imagerie de soudure}{chapter.1}% 9
\BOOKMARK [0][-]{chapter.2}{L'inversion de formes d'onde }{}% 10
\BOOKMARK [1][-]{section.2.1}{Probl\350me direct }{chapter.2}% 11
\BOOKMARK [1][-]{section.2.2}{Probl\350me inverse}{chapter.2}% 12
\BOOKMARK [2][-]{subsection.2.2.1}{Calcul du gradient}{section.2.2}% 13
\BOOKMARK [1][-]{section.2.3}{Optimisation}{chapter.2}% 14
\BOOKMARK [1][-]{section.2.4}{probl\351matiques}{chapter.2}% 15
\BOOKMARK [2][-]{subsection.2.4.1}{choix du mod\350le initial}{section.2.4}% 16
\BOOKMARK [2][-]{subsection.2.4.2}{saut de phase}{section.2.4}% 17
\BOOKMARK [2][-]{subsection.2.4.3}{inversion multi-param\350tres}{section.2.4}% 18
\BOOKMARK [2][-]{subsection.2.4.4}{estimation de la source}{section.2.4}% 19
\BOOKMARK [1][-]{section.2.5}{resultats en geophy}{chapter.2}% 20
\BOOKMARK [1][-]{section.2.6}{application au cnd de soudure : les probl\351matiques}{chapter.2}% 21
\BOOKMARK [2][-]{subsection.2.6.1}{sensibilit\351 au bruit ?}{section.2.6}% 22
\BOOKMARK [0][-]{chapter.3}{Annexes}{}% 23
\BOOKMARK [1][-]{section.3.1}{Note sur les dimensions des grandeurs du chapitre 2}{chapter.3}% 24
