
                            < M A T L A B (R) >
                  Copyright 1984-2014 The MathWorks, Inc.
                   R2014b (8.4.0.150421) 64-bit (glnxa64)
                             September 15, 2014

[Warning: Directory permission denied: /home/dinsenma/.matlabrc] 
[Warning: Directory permission denied: /home/dinsenma/.matlabrc] 
 
To get started, type one of these: helpwin, helpdesk, or demo.
For product information, visit www.mathworks.com.
 
>> >> >> >> >> >> >> >> >> >> >> >> >> >> >> >> 
nz =

   200

>> 
nx =

   400

>> >> >> >> >> >> >> >> >> >> >> >> >> >> >> >> >> >> >> >> >> >> >> >> >> >> >> >> >> >> >> >> >> >> >> >> >> >> >> >> >> >> >> >> Starting parallel pool (parpool) using the 'local' profile ... connected to 12 workers.
   138

   137

    92

    91

   216

   215

    69

    68

   160

   159

    23

    22

   180

   179

   246

   245

    46

    45

   199

   198

   115

   114

   232

   231

   136

    90

    67

    21

   113

   230

   214

   158

   178

   244

    44

   197

   229

   135

    89

   213

    66

   157

    20

   177

   243

   112

   228

   134

    88

   212

    65

   156

    19

   176

   242

    43

   196

   111

   227

   133

    87

   211

    64

   155

    18

   175

   241

   110

   132

    86

    63

    17

   174

    42

   195

   109

   226

   131

    85

   210

    62

   154

    16

   240

   225

   209

   153

   173

   239

    41

   194

   108

   224

   130

    84

   208

    61

   152

    15

   172

   238

   107

   223

   129

    83

   207

    60

   151

    14

   171

   237

    40

   193

   106

   222

   128

    82

    59

    13

   170

   236

   105

   127

    81

   206

    58

   150

    12

   169

    39

   192

   104

   221

   126

   205

    57

   149

   235

   220

    80

   204

   148

    11

   168

   234

    38

   191

   103

   219

   125

    79

    56

   147

    10

   167

   233

   102

   218

   124

    78

   203

    55

     9

   166

    37

   190

   101

   123

    77

   202

    54

   146

     8

   165

   100

   217

   122

    76

   201

    53

   145

     7

   164

   259

   258

    36

   189

    99

   121

    75

   200

    52

   144

     6

   163

   257

   271

   270

   143

   256

    35

   188

    98

   269

   120

    74

    51

     5

   162

   255

    97

   268

   119

    73

   282

   281

    50

   142

     4

   161

   254

    34

   187

    96

   118

    72

   280

    49

   141

   267

   117

    48

     3

   253

    33

    95

   266

    71

   279

   140

     2

   292

   291

   252

   186

    94

   116

    70

   278

    47

   139

     1

   290

   251

    32

    93

   265

   185

   277

   289

   264

   301

   300

   276

   318

   317

   250

    31

   263

   325

   324

   310

   309

   332

   331

   288

   184

   338

   337

   262

   299

   323

   275

   316

   330

   287

   249

    30

   336

   298

   322

   274

   308

   315

   329

   286

   183

   335

   261

   297

   321

   273

   314

   328

   285

   248

    29

   260

   296

   320

   272

   307

   313

   182

   334

   327

   284

   333

   247

    28

   295

   319

   312

   326

   283

   181

   344

   343

   294

   349

   348

   306

   311

   342

   305

    27

   354

   353

   293

   347

   341

   358

   357

   304

   370

   369

   366

   365

   362

   361

    26

   352

   346

   374

   373

   340

   356

   303

   378

   377

   368

   364

   360

    25

   351

   339

   382

   381

   355

   345

   302

   376

   367

   363

   359

    24

   372

   350

   371

   380

   375

   386

   385

   379

   390

   389

   398

   397

   394

   393

   400

   399

   388

   384

   396

   392

   395

   391

   387

   383

>> >> >> >> >> >> >> >> >> >> >> >> >> >> >> >> >> >> >> >> >> >> >> >> >> >> >> 