Setting froggy I_MPI variables
=== Intel devel usual environment ===
  This module loads:
  - intel compilers version 14
  - intel MPI
  - intel MKL
  - intel ITAC
  - intel VTUNE
  and sets the following useful variables:
 $mpi_DIR
 $mkl_DIR
 $intel_DIR
=====================================
IMPORTANT: use 'module purge' before loading another environment!
Setting froggy I_MPI variables
=== Intel devel usual environment ===
  This module loads:
  - intel compilers version 14
  - intel MPI
  - intel MKL
  - intel ITAC
  - intel VTUNE
  and sets the following useful variables:
 $mpi_DIR
 $mkl_DIR
 $intel_DIR
=====================================
IMPORTANT: use 'module purge' before loading another environment!
Setting froggy I_MPI variables
=== Intel devel usual environment ===
  This module loads:
  - intel compilers : 15.0.3
  - intel MPI       : 5.1.0.038
  - intel MKL       : 11.2-3
  - intel ITAC      : 9.1.0.015
  - intel VTUNE     : 2015.4.0.410668
  and sets the following useful variables:
 $mpi_DIR
 $mkl_DIR
 $intel_DIR
=====================================
IMPORTANT: use 'module purge' before loading another environment!
## OAR [2016-03-22 16:19:14] Job 9329069 KILLED ##
